<?xml version="1.0" encoding="UTF-8"?>
<testng-results ignored="0" total="1" passed="1" failed="0" skipped="0">
  <reporter-output>
  </reporter-output>
  <suite started-at="2023-06-18T19:35:38 IST" name="Suite" finished-at="2023-06-18T19:35:44 IST" duration-ms="6057">
    <groups>
    </groups>
    <test started-at="2023-06-18T19:35:38 IST" name="Test" finished-at="2023-06-18T19:35:44 IST" duration-ms="6057">
      <class name="assignmentMaven.Hw_NichethyselfLogin">
        <test-method is-config="true" signature="beforeSuite()[pri:0, instance:assignmentMaven.Hw_NichethyselfLogin@79ad8b2f]" started-at="2023-06-18T19:35:38 IST" name="beforeSuite" finished-at="2023-06-18T19:35:38 IST" duration-ms="12" status="PASS">
          <reporter-output>
          </reporter-output>
        </test-method> <!-- beforeSuite -->
        <test-method is-config="true" signature="beforeTest()[pri:0, instance:assignmentMaven.Hw_NichethyselfLogin@79ad8b2f]" started-at="2023-06-18T19:35:38 IST" name="beforeTest" finished-at="2023-06-18T19:35:38 IST" duration-ms="0" status="PASS">
          <reporter-output>
          </reporter-output>
        </test-method> <!-- beforeTest -->
        <test-method is-config="true" signature="beforeClass()[pri:0, instance:assignmentMaven.Hw_NichethyselfLogin@79ad8b2f]" started-at="2023-06-18T19:35:38 IST" name="beforeClass" finished-at="2023-06-18T19:35:38 IST" duration-ms="0" status="PASS">
          <reporter-output>
          </reporter-output>
        </test-method> <!-- beforeClass -->
        <test-method is-config="true" signature="beforeMethod()[pri:0, instance:assignmentMaven.Hw_NichethyselfLogin@79ad8b2f]" started-at="2023-06-18T19:35:38 IST" name="beforeMethod" finished-at="2023-06-18T19:35:42 IST" duration-ms="3851" status="PASS">
          <reporter-output>
          </reporter-output>
        </test-method> <!-- beforeMethod -->
        <test-method signature="nTLoginTestNGTest()[pri:0, instance:assignmentMaven.Hw_NichethyselfLogin@79ad8b2f]" started-at="2023-06-18T19:35:42 IST" name="nTLoginTestNGTest" finished-at="2023-06-18T19:35:44 IST" duration-ms="1934" status="PASS">
          <reporter-output>
          </reporter-output>
        </test-method> <!-- nTLoginTestNGTest -->
        <test-method is-config="true" signature="afterMethod()[pri:0, instance:assignmentMaven.Hw_NichethyselfLogin@79ad8b2f]" started-at="2023-06-18T19:35:44 IST" name="afterMethod" finished-at="2023-06-18T19:35:44 IST" duration-ms="226" status="PASS">
          <reporter-output>
          </reporter-output>
        </test-method> <!-- afterMethod -->
        <test-method is-config="true" signature="afterClass()[pri:0, instance:assignmentMaven.Hw_NichethyselfLogin@79ad8b2f]" started-at="2023-06-18T19:35:44 IST" name="afterClass" finished-at="2023-06-18T19:35:44 IST" duration-ms="1" status="PASS">
          <reporter-output>
          </reporter-output>
        </test-method> <!-- afterClass -->
        <test-method is-config="true" signature="afterTest()[pri:0, instance:assignmentMaven.Hw_NichethyselfLogin@79ad8b2f]" started-at="2023-06-18T19:35:44 IST" name="afterTest" finished-at="2023-06-18T19:35:44 IST" duration-ms="1" status="PASS">
          <reporter-output>
          </reporter-output>
        </test-method> <!-- afterTest -->
        <test-method is-config="true" signature="afterSuite()[pri:0, instance:assignmentMaven.Hw_NichethyselfLogin@79ad8b2f]" started-at="2023-06-18T19:35:44 IST" name="afterSuite" finished-at="2023-06-18T19:35:44 IST" duration-ms="0" status="PASS">
          <reporter-output>
          </reporter-output>
        </test-method> <!-- afterSuite -->
      </class> <!-- assignmentMaven.Hw_NichethyselfLogin -->
    </test> <!-- Test -->
  </suite> <!-- Suite -->
</testng-results>
